#
# There is insufficient memory for the Java Runtime Environment to continue.
# Native memory allocation (malloc) failed to allocate 2237440 bytes for Chunk::new
# Possible reasons:
#   The system is out of physical RAM or swap space
#   In 32 bit mode, the process size limit was hit
# Possible solutions:
#   Reduce memory load on the system
#   Increase physical memory or swap space
#   Check if swap backing store is full
#   Use 64 bit Java on a 64 bit OS
#   Decrease Java heap size (-Xmx/-Xms)
#   Decrease number of Java threads
#   Decrease Java thread stack sizes (-Xss)
#   Set larger code cache with -XX:ReservedCodeCacheSize=
# This output file may be truncated or incomplete.
#
#  Out of Memory Error (allocation.cpp:390), pid=16036, tid=9000
#
# JRE version: Java(TM) SE Runtime Environment (8.0_66-b18) (build 1.8.0_66-b18)
# Java VM: Java HotSpot(TM) 64-Bit Server VM (25.66-b18 mixed mode windows-amd64 compressed oops)
# Failed to write core dump. Minidumps are not enabled by default on client versions of Windows
#

---------------  T H R E A D  ---------------

Current thread (0x0000000015eb1000):  JavaThread "C2 CompilerThread0" daemon [_thread_in_native, id=9000, stack(0x0000000017500000,0x0000000017600000)]

Stack: [0x0000000017500000,0x0000000017600000]
[error occurred during error reporting (printing stack bounds), id 0xc0000005]

Native frames: (J=compiled Java code, j=interpreted, Vv=VM code, C=native code)


Current CompileTask:
C2:  17899 3810       4       org.springframework.asm.ClassReader::readMethod (1130 bytes)


---------------  P R O C E S S  ---------------

Java Threads: ( => current thread )
  0x0000000019224000 JavaThread "container-0" [_thread_blocked, id=14976, stack(0x000000001e680000,0x000000001e780000)]
  0x0000000019228000 JavaThread "ContainerBackgroundProcessor[StandardEngine[Tomcat]]" daemon [_thread_blocked, id=7936, stack(0x000000001e580000,0x000000001e680000)]
  0x0000000019229800 JavaThread "localhost-startStop-1" daemon [_thread_blocked, id=8428, stack(0x000000001cef0000,0x000000001cff0000)]
  0x0000000019222800 JavaThread "Tomcat-startStop-1" daemon [_thread_blocked, id=8104, stack(0x000000001a840000,0x000000001a940000)]
  0x0000000018b75000 JavaThread "restartedMain" [_thread_blocked, id=12516, stack(0x0000000019900000,0x0000000019a00000)]
  0x0000000018910800 JavaThread "Thread-0" [_thread_blocked, id=10768, stack(0x0000000019800000,0x0000000019900000)]
  0x0000000017f0c800 JavaThread "Monitor Ctrl-Break" daemon [_thread_in_native, id=6016, stack(0x0000000018600000,0x0000000018700000)]
  0x0000000015f0d800 JavaThread "Service Thread" daemon [_thread_blocked, id=19900, stack(0x0000000017c00000,0x0000000017d00000)]
  0x0000000015ebd800 JavaThread "C1 CompilerThread2" daemon [_thread_blocked, id=7240, stack(0x0000000017700000,0x0000000017800000)]
  0x0000000015eb6800 JavaThread "C2 CompilerThread1" daemon [_thread_blocked, id=10188, stack(0x0000000017600000,0x0000000017700000)]
=>0x0000000015eb1000 JavaThread "C2 CompilerThread0" daemon [_thread_in_native, id=9000, stack(0x0000000017500000,0x0000000017600000)]
  0x0000000015eaf000 JavaThread "Attach Listener" daemon [_thread_blocked, id=21140, stack(0x0000000017400000,0x0000000017500000)]
  0x0000000015ead800 JavaThread "Signal Dispatcher" daemon [_thread_blocked, id=12872, stack(0x0000000017300000,0x0000000017400000)]
  0x00000000025cb000 JavaThread "Finalizer" daemon [_thread_blocked, id=18384, stack(0x0000000017110000,0x0000000017210000)]
  0x00000000025c2000 JavaThread "Reference Handler" daemon [_thread_blocked, id=12264, stack(0x0000000017010000,0x0000000017110000)]
  0x00000000024d4800 JavaThread "main" [_thread_blocked, id=10116, stack(0x00000000022e0000,0x00000000023e0000)]

Other Threads:
  0x0000000015e78000 VMThread [stack: 0x0000000016f10000,0x0000000017010000] [id=20312]
  0x00000000178a1000 WatcherThread [stack: 0x0000000017d00000,0x0000000017e00000] [id=21468]

VM state:at safepoint (normal execution)

VM Mutex/Monitor currently owned by a thread:  ([mutex/lock_event])
[0x00000000024d18d0] Threads_lock - owner thread: 0x0000000015e78000
[0x00000000024d1c50] Heap_lock - owner thread: 0x0000000018b75000

Heap:
 PSYoungGen      total 246272K, used 10012K [0x00000000e0580000, 0x00000000f0600000, 0x0000000100000000)
  eden space 235008K, 0% used [0x00000000e0580000,0x00000000e0580000,0x00000000eeb00000)
  from space 11264K, 88% used [0x00000000efb00000,0x00000000f04c71d0,0x00000000f0600000)
  to   space 13824K, 0% used [0x00000000eeb00000,0x00000000eeb00000,0x00000000ef880000)
 ParOldGen       total 53760K, used 16665K [0x00000000a1000000, 0x00000000a4480000, 0x00000000e0580000)
  object space 53760K, 30% used [0x00000000a1000000,0x00000000a2046508,0x00000000a4480000)
 Metaspace       used 34859K, capacity 35228K, committed 35456K, reserved 1081344K
  class space    used 4350K, capacity 4455K, committed 4480K, reserved 1048576K

Card table byte_map: [0x0000000011990000,0x0000000011c90000] byte_map_base: 0x0000000011488000

Marking Bits: (ParMarkBitMap*) 0x0000000071f0a5b0
 Begin Bits: [0x0000000012290000, 0x0000000013a50000)
 End Bits:   [0x0000000013a50000, 0x0000000015210000)

Polling page: 0x0000000000500000

CodeCache: size=245760Kb used=12165Kb max_used=12165Kb free=233594Kb
 bounds [0x00000000025d0000, 0x00000000031d0000, 0x00000000115d0000]
 total_blobs=3652 nmethods=3241 adapters=322
 compilation: enabled

Compilation events (10 events):
Event: 17.790 Thread 0x0000000015ebd800 3841       3       org.hibernate.service.internal.ConcurrentServiceBinding$Entry::compareTo (9 bytes)
Event: 17.791 Thread 0x0000000015ebd800 nmethod 3841 0x00000000031bc590 code [0x00000000031bc700, 0x00000000031bcad0]
Event: 17.791 Thread 0x0000000015ebd800 3842       3       org.hibernate.service.internal.ConcurrentServiceBinding$Entry::compareTo (32 bytes)
Event: 17.791 Thread 0x0000000015ebd800 nmethod 3842 0x00000000031b5d10 code [0x00000000031b5e80, 0x00000000031b6090]
Event: 17.791 Thread 0x0000000015ebd800 3843       1       org.hibernate.service.internal.ConcurrentServiceBinding$Entry::access$000 (5 bytes)
Event: 17.791 Thread 0x0000000015ebd800 nmethod 3843 0x00000000031b5a50 code [0x00000000031b5ba0, 0x00000000031b5c90]
Event: 17.791 Thread 0x0000000015ebd800 3844       1       org.hibernate.service.internal.ConcurrentServiceBinding$Entry::access$100 (5 bytes)
Event: 17.791 Thread 0x0000000015ebd800 nmethod 3844 0x00000000031b5790 code [0x00000000031b58e0, 0x00000000031b59d0]
Event: 17.791 Thread 0x0000000015ebd800 3845       3       org.hibernate.service.internal.ConcurrentServiceBinding::treeFromRange (75 bytes)
Event: 17.791 Thread 0x0000000015ebd800 nmethod 3845 0x00000000031b4cd0 code [0x00000000031b4e80, 0x00000000031b53f8]

GC Heap History (10 events):
Event: 8.359 GC heap after
Heap after GC invocations=6 (full 0):
 PSYoungGen      total 109056K, used 6320K [0x00000000e0580000, 0x00000000e7b80000, 0x0000000100000000)
  eden space 98304K, 0% used [0x00000000e0580000,0x00000000e0580000,0x00000000e6580000)
  from space 10752K, 58% used [0x00000000e7100000,0x00000000e772c020,0x00000000e7b80000)
  to   space 11264K, 0% used [0x00000000e6580000,0x00000000e6580000,0x00000000e7080000)
 ParOldGen       total 65536K, used 10849K [0x00000000a1000000, 0x00000000a5000000, 0x00000000e0580000)
  object space 65536K, 16% used [0x00000000a1000000,0x00000000a1a986c8,0x00000000a5000000)
 Metaspace       used 20868K, capacity 21114K, committed 21296K, reserved 1069056K
  class space    used 2525K, capacity 2617K, committed 2688K, reserved 1048576K
}
Event: 8.359 GC heap before
{Heap before GC invocations=7 (full 1):
 PSYoungGen      total 109056K, used 6320K [0x00000000e0580000, 0x00000000e7b80000, 0x0000000100000000)
  eden space 98304K, 0% used [0x00000000e0580000,0x00000000e0580000,0x00000000e6580000)
  from space 10752K, 58% used [0x00000000e7100000,0x00000000e772c020,0x00000000e7b80000)
  to   space 11264K, 0% used [0x00000000e6580000,0x00000000e6580000,0x00000000e7080000)
 ParOldGen       total 65536K, used 10849K [0x00000000a1000000, 0x00000000a5000000, 0x00000000e0580000)
  object space 65536K, 16% used [0x00000000a1000000,0x00000000a1a986c8,0x00000000a5000000)
 Metaspace       used 20868K, capacity 21114K, committed 21296K, reserved 1069056K
  class space    used 2525K, capacity 2617K, committed 2688K, reserved 1048576K
Event: 8.410 GC heap after
Heap after GC invocations=7 (full 1):
 PSYoungGen      total 109056K, used 0K [0x00000000e0580000, 0x00000000e7b80000, 0x0000000100000000)
  eden space 98304K, 0% used [0x00000000e0580000,0x00000000e0580000,0x00000000e6580000)
  from space 10752K, 0% used [0x00000000e7100000,0x00000000e7100000,0x00000000e7b80000)
  to   space 11264K, 0% used [0x00000000e6580000,0x00000000e6580000,0x00000000e7080000)
 ParOldGen       total 53760K, used 14325K [0x00000000a1000000, 0x00000000a4480000, 0x00000000e0580000)
  object space 53760K, 26% used [0x00000000a1000000,0x00000000a1dfd4c8,0x00000000a4480000)
 Metaspace       used 20868K, capacity 21114K, committed 21296K, reserved 1069056K
  class space    used 2525K, capacity 2617K, committed 2688K, reserved 1048576K
}
Event: 9.590 GC heap before
{Heap before GC invocations=8 (full 1):
 PSYoungGen      total 109056K, used 98304K [0x00000000e0580000, 0x00000000e7b80000, 0x0000000100000000)
  eden space 98304K, 100% used [0x00000000e0580000,0x00000000e6580000,0x00000000e6580000)
  from space 10752K, 0% used [0x00000000e7100000,0x00000000e7100000,0x00000000e7b80000)
  to   space 11264K, 0% used [0x00000000e6580000,0x00000000e6580000,0x00000000e7080000)
 ParOldGen       total 53760K, used 14325K [0x00000000a1000000, 0x00000000a4480000, 0x00000000e0580000)
  object space 53760K, 26% used [0x00000000a1000000,0x00000000a1dfd4c8,0x00000000a4480000)
 Metaspace       used 22232K, capacity 22494K, committed 22704K, reserved 1069056K
  class space    used 2696K, capacity 2795K, committed 2816K, reserved 1048576K
Event: 9.637 GC heap after
Heap after GC invocations=8 (full 1):
 PSYoungGen      total 109568K, used 3689K [0x00000000e0580000, 0x00000000ec400000, 0x0000000100000000)
  eden space 98304K, 0% used [0x00000000e0580000,0x00000000e0580000,0x00000000e6580000)
  from space 11264K, 32% used [0x00000000e6580000,0x00000000e691a560,0x00000000e7080000)
  to   space 11264K, 0% used [0x00000000eb900000,0x00000000eb900000,0x00000000ec400000)
 ParOldGen       total 53760K, used 14325K [0x00000000a1000000, 0x00000000a4480000, 0x00000000e0580000)
  object space 53760K, 26% used [0x00000000a1000000,0x00000000a1dfd4c8,0x00000000a4480000)
 Metaspace       used 22232K, capacity 22494K, committed 22704K, reserved 1069056K
  class space    used 2696K, capacity 2795K, committed 2816K, reserved 1048576K
}
Event: 11.454 GC heap before
{Heap before GC invocations=9 (full 1):
 PSYoungGen      total 109568K, used 101993K [0x00000000e0580000, 0x00000000ec400000, 0x0000000100000000)
  eden space 98304K, 100% used [0x00000000e0580000,0x00000000e6580000,0x00000000e6580000)
  from space 11264K, 32% used [0x00000000e6580000,0x00000000e691a560,0x00000000e7080000)
  to   space 11264K, 0% used [0x00000000eb900000,0x00000000eb900000,0x00000000ec400000)
 ParOldGen       total 53760K, used 14325K [0x00000000a1000000, 0x00000000a4480000, 0x00000000e0580000)
  object space 53760K, 26% used [0x00000000a1000000,0x00000000a1dfd4c8,0x00000000a4480000)
 Metaspace       used 24114K, capacity 24502K, committed 24704K, reserved 1071104K
  class space    used 2989K, capacity 3094K, committed 3200K, reserved 1048576K
Event: 11.464 GC heap after
Heap after GC invocations=9 (full 1):
 PSYoungGen      total 177152K, used 7883K [0x00000000e0580000, 0x00000000ec100000, 0x0000000100000000)
  eden space 168960K, 0% used [0x00000000e0580000,0x00000000e0580000,0x00000000eaa80000)
  from space 8192K, 96% used [0x00000000eb900000,0x00000000ec0b2f18,0x00000000ec100000)
  to   space 11264K, 0% used [0x00000000eab00000,0x00000000eab00000,0x00000000eb600000)
 ParOldGen       total 53760K, used 14333K [0x00000000a1000000, 0x00000000a4480000, 0x00000000e0580000)
  object space 53760K, 26% used [0x00000000a1000000,0x00000000a1dff4c8,0x00000000a4480000)
 Metaspace       used 24114K, capacity 24502K, committed 24704K, reserved 1071104K
  class space    used 2989K, capacity 3094K, committed 3200K, reserved 1048576K
}
Event: 14.455 GC heap before
{Heap before GC invocations=10 (full 1):
 PSYoungGen      total 177152K, used 176843K [0x00000000e0580000, 0x00000000ec100000, 0x0000000100000000)
  eden space 168960K, 100% used [0x00000000e0580000,0x00000000eaa80000,0x00000000eaa80000)
  from space 8192K, 96% used [0x00000000eb900000,0x00000000ec0b2f18,0x00000000ec100000)
  to   space 11264K, 0% used [0x00000000eab00000,0x00000000eab00000,0x00000000eb600000)
 ParOldGen       total 53760K, used 14333K [0x00000000a1000000, 0x00000000a4480000, 0x00000000e0580000)
  object space 53760K, 26% used [0x00000000a1000000,0x00000000a1dff4c8,0x00000000a4480000)
 Metaspace       used 30877K, capacity 31262K, committed 31616K, reserved 1077248K
  class space    used 3805K, capacity 3906K, committed 3968K, reserved 1048576K
Event: 14.473 GC heap after
Heap after GC invocations=10 (full 1):
 PSYoungGen      total 180736K, used 11256K [0x00000000e0580000, 0x00000000f0800000, 0x0000000100000000)
  eden space 169472K, 0% used [0x00000000e0580000,0x00000000e0580000,0x00000000eab00000)
  from space 11264K, 99% used [0x00000000eab00000,0x00000000eb5fe3c0,0x00000000eb600000)
  to   space 13312K, 0% used [0x00000000efb00000,0x00000000efb00000,0x00000000f0800000)
 ParOldGen       total 53760K, used 14398K [0x00000000a1000000, 0x00000000a4480000, 0x00000000e0580000)
  object space 53760K, 26% used [0x00000000a1000000,0x00000000a1e0f990,0x00000000a4480000)
 Metaspace       used 30877K, capacity 31262K, committed 31616K, reserved 1077248K
  class space    used 3805K, capacity 3906K, committed 3968K, reserved 1048576K
}
Event: 17.880 GC heap before
{Heap before GC invocations=11 (full 1):
 PSYoungGen      total 180736K, used 91287K [0x00000000e0580000, 0x00000000f0800000, 0x0000000100000000)
  eden space 169472K, 47% used [0x00000000e0580000,0x00000000e53a7948,0x00000000eab00000)
  from space 11264K, 99% used [0x00000000eab00000,0x00000000eb5fe3c0,0x00000000eb600000)
  to   space 13312K, 0% used [0x00000000efb00000,0x00000000efb00000,0x00000000f0800000)
 ParOldGen       total 53760K, used 14398K [0x00000000a1000000, 0x00000000a4480000, 0x00000000e0580000)
  object space 53760K, 26% used [0x00000000a1000000,0x00000000a1e0f990,0x00000000a4480000)
 Metaspace       used 34859K, capacity 35228K, committed 35456K, reserved 1081344K
  class space    used 4350K, capacity 4455K, committed 4480K, reserved 1048576K

Deoptimization events (10 events):
Event: 15.458 Thread 0x0000000018b75000 Uncommon trap: reason=unstable_if action=reinterpret pc=0x000000000283df60 method=java.net.URI.match(CJJ)Z @ 45
Event: 15.960 Thread 0x0000000018b75000 Uncommon trap: reason=class_check action=maybe_recompile pc=0x0000000002f5a704 method=java.util.HashMap.removeNode(ILjava/lang/Object;Ljava/lang/Object;ZZ)Ljava/util/HashMap$Node; @ 68
Event: 16.135 Thread 0x0000000018b75000 Uncommon trap: reason=class_check action=maybe_recompile pc=0x0000000002f5a704 method=java.util.HashMap.removeNode(ILjava/lang/Object;Ljava/lang/Object;ZZ)Ljava/util/HashMap$Node; @ 68
Event: 16.464 Thread 0x0000000018b75000 Uncommon trap: reason=class_check action=maybe_recompile pc=0x0000000002f5a704 method=java.util.HashMap.removeNode(ILjava/lang/Object;Ljava/lang/Object;ZZ)Ljava/util/HashMap$Node; @ 68
Event: 16.701 Thread 0x0000000018b75000 Uncommon trap: reason=class_check action=maybe_recompile pc=0x0000000002f5a704 method=java.util.HashMap.removeNode(ILjava/lang/Object;Ljava/lang/Object;ZZ)Ljava/util/HashMap$Node; @ 68
Event: 17.125 Thread 0x0000000018b75000 Uncommon trap: reason=bimorphic action=maybe_recompile pc=0x0000000002724158 method=java.lang.Throwable.<init>(Ljava/lang/String;Ljava/lang/Throwable;)V @ 24
Event: 17.144 Thread 0x0000000018b75000 Uncommon trap: reason=bimorphic action=maybe_recompile pc=0x0000000002724158 method=java.lang.Throwable.<init>(Ljava/lang/String;Ljava/lang/Throwable;)V @ 24
Event: 17.329 Thread 0x0000000018b75000 Uncommon trap: reason=unstable_if action=reinterpret pc=0x0000000002ed49a8 method=org.springframework.util.CollectionUtils.isEmpty(Ljava/util/Collection;)Z @ 10
Event: 17.329 Thread 0x0000000018b75000 Uncommon trap: reason=unstable_if action=reinterpret pc=0x000000000313c748 method=java.net.URL.<init>(Ljava/net/URL;Ljava/lang/String;Ljava/net/URLStreamHandler;)V @ 57
Event: 17.329 Thread 0x0000000018b75000 Uncommon trap: reason=unstable_if action=reinterpret pc=0x0000000002d2b708 method=java.net.URLStreamHandler.parseURL(Ljava/net/URL;Ljava/lang/String;II)V @ 57

Internal exceptions (10 events):
Event: 17.217 Thread 0x0000000018b75000 Exception <a 'java/lang/ClassNotFoundException': org/springframework/context/weaving/LoadTimeWeaverAwareCustomizer> (0x00000000e3fff078) thrown at [C:\re\workspace\8-2-build-windows-amd64-cygwin\jdk8u66\5298\hotspot\src\share\vm\classfile\systemDictionary.
Event: 17.218 Thread 0x0000000018b75000 Exception <a 'java/lang/ClassNotFoundException': org/springframework/beans/factory/FactoryBeanCustomizer> (0x00000000e40179e8) thrown at [C:\re\workspace\8-2-build-windows-amd64-cygwin\jdk8u66\5298\hotspot\src\share\vm\classfile\systemDictionary.cpp, line æE_¯›71@
Event: 17.218 Thread 0x0000000018b75000 Exception <a 'java/lang/ClassNotFoundException': org/springframework/beans/factory/BeanClassLoaderAwareCustomizer> (0x00000000e40358f8) thrown at [C:\re\workspace\8-2-build-windows-amd64-cygwin\jdk8u66\5298\hotspot\src\share\vm\classfile\systemDictionary.cz˜nsÒ71@
Event: 17.219 Thread 0x0000000018b75000 Exception <a 'java/lang/ClassNotFoundException': org/springframework/beans/factory/BeanFactoryAwareCustomizer> (0x00000000e404f678) thrown at [C:\re\workspace\8-2-build-windows-amd64-cygwin\jdk8u66\5298\hotspot\src\share\vm\classfile\systemDictionary.cpp, ›a"¿81@
Event: 17.219 Thread 0x0000000018b75000 Exception <a 'java/lang/ClassNotFoundException': org/springframework/beans/factory/BeanNameAwareCustomizer> (0x00000000e4068900) thrown at [C:\re\workspace\8-2-build-windows-amd64-cygwin\jdk8u66\5298\hotspot\src\share\vm\classfile\systemDictionary.cpp, liny9ùy81@
Event: 17.219 Thread 0x0000000018b75000 Exception <a 'java/lang/ClassNotFoundException': org/springframework/beans/factory/InitializingBeanCustomizer> (0x00000000e40825a0) thrown at [C:\re\workspace\8-2-build-windows-amd64-cygwin\jdk8u66\5298\hotspot\src\share\vm\classfile\systemDictionary.cpp, É\Ùó281@
Event: 17.220 Thread 0x0000000018b75000 Exception <a 'java/lang/ClassNotFoundException': org/springframework/beans/factory/DisposableBeanCustomizer> (0x00000000e409a988) thrown at [C:\re\workspace\8-2-build-windows-amd64-cygwin\jdk8u66\5298\hotspot\src\share\vm\classfile\systemDictionary.cpp, liÊ•ÔÛC81@
Event: 17.220 Thread 0x0000000018b75000 Exception <a 'java/lang/ClassNotFoundException': org/springframework/orm/jpa/EntityManagerFactoryInfoCustomizer> (0x00000000e40b4498) thrown at [C:\re\workspace\8-2-build-windows-amd64-cygwin\jdk8u66\5298\hotspot\src\share\vm\classfile\systemDictionary.cpp¯ïõ\81@
Event: 17.220 Thread 0x0000000018b75000 Exception <a 'java/lang/ClassNotFoundException': org/springframework/dao/support/PersistenceExceptionTranslatorCustomizer> (0x00000000e40da380) thrown at [C:\re\workspace\8-2-build-windows-amd64-cygwin\jdk8u66\5298\hotspot\src\share\vm\classfile\systemDictáÚ4i81@
Event: 17.220 Thread 0x0000000018b75000 Exception <a 'java/lang/ClassNotFoundException': java/io/SerializableCustomizer> (0x00000000e40e4060) thrown at [C:\re\workspace\8-2-build-windows-amd64-cygwin\jdk8u66\5298\hotspot\src\share\vm\classfile\systemDictionary.cpp, line 210]

Events (10 events):
Event: 17.878 loading class org/hibernate/internal/CoreMessageLogger_$logger_en_US done
Event: 17.878 loading class org/hibernate/internal/CoreMessageLogger_$logger_en
Event: 17.878 loading class org/hibernate/internal/CoreMessageLogger_$logger_en done
Event: 17.878 loading class org/hibernate/boot/internal/MetadataBuilderImpl$MetadataBuildingOptionsImpl$1
Event: 17.878 loading class org/hibernate/boot/internal/MetadataBuilderImpl$MetadataBuildingOptionsImpl$1 done
Event: 17.879 loading class org/hibernate/boot/internal/MetadataBuilderImpl$MetadataBuildingOptionsImpl$2
Event: 17.879 loading class org/hibernate/boot/internal/MetadataBuilderImpl$MetadataBuildingOptionsImpl$2 done
Event: 17.880 loading class org/hibernate/cache/internal/NoCachingRegionFactory
Event: 17.880 loading class org/hibernate/cache/internal/NoCachingRegionFactory done
Event: 17.880 Executing VM operation: CollectForMetadataAllocation


Dynamic libraries:
0x00007ff7fded0000 - 0x00007ff7fdf07000 	C:\Program Files\Java\jdk1.8.0_66\bin\java.exe
0x00007ffcfc150000 - 0x00007ffcfc321000 	C:\WINDOWS\SYSTEM32\ntdll.dll
0x00007ffcf9d40000 - 0x00007ffcf9deb000 	C:\WINDOWS\System32\KERNEL32.DLL
0x00007ffcf8e40000 - 0x00007ffcf905d000 	C:\WINDOWS\System32\KERNELBASE.dll
0x00007ffcf9c20000 - 0x00007ffcf9cc2000 	C:\WINDOWS\System32\ADVAPI32.dll
0x00007ffcfc0a0000 - 0x00007ffcfc13e000 	C:\WINDOWS\System32\msvcrt.dll
0x00007ffcf9f90000 - 0x00007ffcf9fe9000 	C:\WINDOWS\System32\sechost.dll
0x00007ffcf9af0000 - 0x00007ffcf9c11000 	C:\WINDOWS\System32\RPCRT4.dll
0x00007ffcf9980000 - 0x00007ffcf9ae5000 	C:\WINDOWS\System32\USER32.dll
0x00007ffcf9060000 - 0x00007ffcf907e000 	C:\WINDOWS\System32\win32u.dll
0x00007ffcf97a0000 - 0x00007ffcf97d4000 	C:\WINDOWS\System32\GDI32.dll
0x00007ffcf92d0000 - 0x00007ffcf9452000 	C:\WINDOWS\System32\gdi32full.dll
0x00007ffcf0270000 - 0x00007ffcf04e9000 	C:\WINDOWS\WinSxS\amd64_microsoft.windows.common-controls_6595b64144ccf1df_6.0.14393.447_none_42191651c6827bb3\COMCTL32.dll
0x00007ffcfb8a0000 - 0x00007ffcfbb68000 	C:\WINDOWS\System32\combase.dll
0x00007ffcf91d0000 - 0x00007ffcf92c5000 	C:\WINDOWS\System32\ucrtbase.dll
0x00007ffcf86f0000 - 0x00007ffcf875a000 	C:\WINDOWS\System32\bcryptPrimitives.dll
0x00007ffcf9e60000 - 0x00007ffcf9e8e000 	C:\WINDOWS\System32\IMM32.DLL
0x0000000072200000 - 0x00000000722d2000 	C:\Program Files\Java\jdk1.8.0_66\jre\bin\msvcr100.dll
0x0000000071700000 - 0x0000000071f89000 	C:\Program Files\Java\jdk1.8.0_66\jre\bin\server\jvm.dll
0x00007ffcfc140000 - 0x00007ffcfc148000 	C:\WINDOWS\System32\PSAPI.DLL
0x00007ffceb4c0000 - 0x00007ffceb4c9000 	C:\WINDOWS\SYSTEM32\WSOCK32.dll
0x00007ffcf48b0000 - 0x00007ffcf48d3000 	C:\WINDOWS\SYSTEM32\WINMM.dll
0x00007ffcfbba0000 - 0x00007ffcfbc0a000 	C:\WINDOWS\System32\WS2_32.dll
0x00007ffcf1750000 - 0x00007ffcf175a000 	C:\WINDOWS\SYSTEM32\VERSION.dll
0x00007ffcf4650000 - 0x00007ffcf467b000 	C:\WINDOWS\SYSTEM32\WINMMBASE.dll
0x00007ffcf86a0000 - 0x00007ffcf86e2000 	C:\WINDOWS\System32\cfgmgr32.dll
0x00000000721f0000 - 0x00000000721ff000 	C:\Program Files\Java\jdk1.8.0_66\jre\bin\verify.dll
0x00000000721c0000 - 0x00000000721e9000 	C:\Program Files\Java\jdk1.8.0_66\jre\bin\java.dll
0x00000000721a0000 - 0x00000000721b6000 	C:\Program Files\Java\jdk1.8.0_66\jre\bin\zip.dll
0x00007ffcf9ff0000 - 0x00007ffcfb4f9000 	C:\WINDOWS\System32\SHELL32.dll
0x00007ffcf8760000 - 0x00007ffcf8e3a000 	C:\WINDOWS\System32\windows.storage.dll
0x00007ffcf85f0000 - 0x00007ffcf863c000 	C:\WINDOWS\System32\powrprof.dll
0x00007ffcf9920000 - 0x00007ffcf9972000 	C:\WINDOWS\System32\shlwapi.dll
0x00007ffcf85e0000 - 0x00007ffcf85ef000 	C:\WINDOWS\System32\kernel.appcore.dll
0x00007ffcf9120000 - 0x00007ffcf91c9000 	C:\WINDOWS\System32\shcore.dll
0x00007ffcf85b0000 - 0x00007ffcf85c4000 	C:\WINDOWS\System32\profapi.dll
0x00007ffcf5360000 - 0x00007ffcf5370000 	C:\Program Files (x86)\JetBrains\IntelliJ IDEA Community Edition 2016.3\bin\breakgen64.dll
0x0000000072180000 - 0x000000007219a000 	C:\Program Files\Java\jdk1.8.0_66\jre\bin\net.dll
0x00007ffcf7e80000 - 0x00007ffcf7edc000 	C:\WINDOWS\system32\mswsock.dll
0x0000000072150000 - 0x000000007215d000 	C:\Program Files\Java\jdk1.8.0_66\jre\bin\management.dll
0x00007ffcf5370000 - 0x00007ffcf5386000 	C:\WINDOWS\system32\napinsp.dll
0x00007ffcf53d0000 - 0x00007ffcf53ea000 	C:\WINDOWS\system32\pnrpnsp.dll
0x00007ffcf58e0000 - 0x00007ffcf58f8000 	C:\WINDOWS\system32\NLAapi.dll
0x00007ffcf7c50000 - 0x00007ffcf7cf0000 	C:\WINDOWS\SYSTEM32\DNSAPI.dll
0x00007ffcfbb70000 - 0x00007ffcfbb78000 	C:\WINDOWS\System32\NSI.dll
0x00007ffcf7c10000 - 0x00007ffcf7c48000 	C:\WINDOWS\SYSTEM32\IPHLPAPI.DLL
0x00007ffcf5700000 - 0x00007ffcf570e000 	C:\WINDOWS\System32\winrnr.dll
0x00007ffcf5710000 - 0x00007ffcf5725000 	C:\WINDOWS\System32\wshbth.dll
0x00007ffced6f0000 - 0x00007ffced6fa000 	C:\Windows\System32\rasadhlp.dll
0x00007ffcf1360000 - 0x00007ffcf13ca000 	C:\WINDOWS\System32\fwpuclnt.dll
0x00007ffcf84f0000 - 0x00007ffcf851b000 	C:\WINDOWS\SYSTEM32\bcrypt.dll
0x0000000072160000 - 0x0000000072171000 	C:\Program Files\Java\jdk1.8.0_66\jre\bin\nio.dll
0x00007ffcf8020000 - 0x00007ffcf8037000 	C:\WINDOWS\SYSTEM32\CRYPTSP.dll
0x00007ffcf7a90000 - 0x00007ffcf7ac3000 	C:\WINDOWS\system32\rsaenh.dll
0x00007ffcf7d10000 - 0x00007ffcf7d2f000 	C:\WINDOWS\SYSTEM32\USERENV.dll
0x00007ffcf8040000 - 0x00007ffcf804b000 	C:\WINDOWS\SYSTEM32\CRYPTBASE.dll
0x00007ffcf1620000 - 0x00007ffcf1636000 	C:\WINDOWS\SYSTEM32\dhcpcsvc6.DLL
0x00007ffcf3040000 - 0x00007ffcf305a000 	C:\WINDOWS\SYSTEM32\dhcpcsvc.DLL

VM Arguments:
jvm_args: -Didea.launcher.port=7534 -Didea.launcher.bin.path=C:\Program Files (x86)\JetBrains\IntelliJ IDEA Community Edition 2016.3\bin -Dfile.encoding=UTF-8 
java_command: com.intellij.rt.execution.application.AppMain com.example.SpringBootApp
java_class_path (initial): C:\Program Files\Java\jdk1.8.0_66\jre\lib\charsets.jar;C:\Program Files\Java\jdk1.8.0_66\jre\lib\deploy.jar;C:\Program Files\Java\jdk1.8.0_66\jre\lib\ext\access-bridge-64.jar;C:\Program Files\Java\jdk1.8.0_66\jre\lib\ext\cldrdata.jar;C:\Program Files\Java\jdk1.8.0_66\jre\lib\ext\dnsns.jar;C:\Program Files\Java\jdk1.8.0_66\jre\lib\ext\jaccess.jar;C:\Program Files\Java\jdk1.8.0_66\jre\lib\ext\jfxrt.jar;C:\Program Files\Java\jdk1.8.0_66\jre\lib\ext\localedata.jar;C:\Program Files\Java\jdk1.8.0_66\jre\lib\ext\nashorn.jar;C:\Program Files\Java\jdk1.8.0_66\jre\lib\ext\sunec.jar;C:\Program Files\Java\jdk1.8.0_66\jre\lib\ext\sunjce_provider.jar;C:\Program Files\Java\jdk1.8.0_66\jre\lib\ext\sunmscapi.jar;C:\Program Files\Java\jdk1.8.0_66\jre\lib\ext\sunpkcs11.jar;C:\Program Files\Java\jdk1.8.0_66\jre\lib\ext\zipfs.jar;C:\Program Files\Java\jdk1.8.0_66\jre\lib\javaws.jar;C:\Program Files\Java\jdk1.8.0_66\jre\lib\jce.jar;C:\Program Files\Java\jdk1.8.0_66\jre\lib\jfr.jar;C:\Program Files\Java\jdk1.8.0_66\jre\lib\jfxswt.jar;C:\Program Files\Java\jdk1.8.0_66\jre\lib\jsse.jar;C:\Program Files\Java\jdk1.8.0_66\jre\lib\management-agent.jar;C:\Program Files\Java\jdk1.8.0_66\jre\lib\plugin.jar;C:\Program Files\Java\jdk1.8.0_66\jre\lib\resources.jar;C:\Program Files\Java\jdk1.8.0_66\jre\lib\rt.jar;C:\Users\mrbar\Desktop\gs-messaging-stomp-websocket-master\HumanTest\target\classes;C:\Users\mrbar\.m2\repository\org\springframework\boot\spring-boot-starter-thymeleaf\1.4.2.RELEASE\spring-boot-starter-thymeleaf-1.4.2.RELEASE.jar;C:\Users\mrbar\.m2\repository\org\springframework\boot\spring-boot-starter\1.4.2.RELEASE\spring-boot-starter-1.4.2.RELEASE.jar;C:\Users\mrbar\.m2\repository\org\springframework\boot\spring-boot-starter-logging\1.4.2.RELEASE\spring-boot-starter-logging-1.4.2.RELEASE.jar;C:\Users\mrbar\.m2\repository\ch\qos\logback\logback-classic\1.1.7\logback-classic-1.1.7.jar;C:\Users\mrbar\.m2\repository\ch\qos\logback\logback-core\1.1.7\logback-core-1
Launcher Type: SUN_STANDARD

Environment Variables:
JAVA_HOME=C:\Program Files\Java\jdk1.8.0_66
PATH=C:\Program Files\Broadcom\Broadcom 802.11 Network Adapter;C:\oraclexe\app\oracle\product\11.2.0\server\bin;C:\ProgramData\Oracle\Java\javapath;C:\WINDOWS\system32;C:\WINDOWS;C:\WINDOWS\System32\Wbem;C:\WINDOWS\System32\WindowsPowerShell\v1.0\;C:\Program Files (x86)\Skype\Phone\;C:\Program Files (x86)\QuickTime\QTSystem\;C:\PROGRA~2\Groovy\GROOVY~1.3\bin;C:\apache-maven-3.3.9\bin;C:\Program Files\apache-cassandra-3.4\bin;C:\Program Files\Apache Flex\bin;C:\Program Files\MongoDB\Server\3.2\bin;C:\Program Files (x86)\NVIDIA Corporation\PhysX\Common;C:\spring-1.3.5.RELEASE\bin;C:\Program Files\Git\cmd;C:\Program Files (x86)\Heroku\bin;C:\Program Files (x86)\git\cmd;C:\Python27;"C:\Program Files\Java\jdk1.8.0_66\bin";C:\Python27\Scripts;C:\WINDOWS\system32;C:\WINDOWS;C:\WINDOWS\System32\Wbem;C:\WINDOWS\System32\WindowsPowerShell\v1.0\;C:\Program Files\nodejs\;C:\Users\mrbar\AppData\Local\Code\bin;C:\Users\mrbar\AppData\Local\Microsoft\WindowsApps;C:\Users\mrbar\AppData\Local\atom\bin;C:\Users\mrbar\AppData\Roaming\npm
USERNAME=baraa
OS=Windows_NT
PROCESSOR_IDENTIFIER=Intel64 Family 6 Model 69 Stepping 1, GenuineIntel



---------------  S Y S T E M  ---------------

OS: Windows 10.0 , 64 bit Build 14393 (10.0.14393.0)

CPU:total 4 (2 cores per cpu, 2 threads per core) family 6 model 69 stepping 1, cmov, cx8, fxsr, mmx, sse, sse2, sse3, ssse3, sse4.1, sse4.2, popcnt, avx, avx2, aes, clmul, erms, lzcnt, ht, tsc, tscinvbit, bmi1, bmi2

Memory: 4k page, physical 6219928k(1089808k free), swap 7914648k(9352k free)

vm_info: Java HotSpot(TM) 64-Bit Server VM (25.66-b18) for windows-amd64 JRE (1.8.0_66-b18), built on Nov  9 2015 10:51:13 by "java_re" with MS VC++ 10.0 (VS2010)

time: Mon Feb 27 00:02:40 2017
elapsed time: 17 seconds (0d 0h 0m 17s)

